<?xml version="1.0" encoding="utf-8"?><testsuites name="pytest tests"><testsuite name="pytest" errors="0" failures="0" skipped="0" tests="14" time="2.300" timestamp="2026-02-20T21:08:45.807550+00:00" hostname="agent-env-56cffe8b-18b6-44ab-b436-914f9fc6f073"><testcase classname="backend.tests.test_vibeforge" name="test_api_root" time="0.240" /><testcase classname="backend.tests.test_vibeforge" name="test_waitlist_join_ecosystem" time="0.213" /><testcase classname="backend.tests.test_vibeforge" name="test_waitlist_join_habit" time="0.121" /><testcase classname="backend.tests.test_vibeforge" name="test_waitlist_join_studio" time="0.138" /><testcase classname="backend.tests.test_vibeforge" name="test_waitlist_join_desk" time="0.170" /><testcase classname="backend.tests.test_vibeforge" name="test_waitlist_duplicate_returns_409" time="0.114" /><testcase classname="backend.tests.test_vibeforge" name="test_waitlist_invalid_email" time="0.186" /><testcase classname="backend.tests.test_vibeforge" name="test_waitlist_invalid_product" time="0.211" /><testcase classname="backend.tests.test_vibeforge" name="test_waitlist_honeypot_silently_succeeds" time="0.106" /><testcase classname="backend.tests.test_vibeforge" name="test_waitlist_count" time="0.149" /><testcase classname="backend.tests.test_vibeforge" name="test_support_submit" time="0.135" /><testcase classname="backend.tests.test_vibeforge" name="test_support_message_too_short" time="0.124" /><testcase classname="backend.tests.test_vibeforge" name="test_support_invalid_email" time="0.143" /><testcase classname="backend.tests.test_vibeforge" name="test_support_honeypot" time="0.135" /></testsuite></testsuites>